TN:MCDC_Test_Report
SF:tests/test_basics.c
BRDA:95,0,0,3
BRDA:95,0,1,1
MCDC:95,1,t,1,0,(<NonBoolVar (int)i> LT <IntLiteral 3>)
MCDC:95,1,f,1,0,(<NonBoolVar (int)i> LT <IntLiteral 3>)
BRDA:59,0,0,1
BRDA:59,0,1,2
MCDC:59,1,t,1,0,<BoolVar a>
MCDC:59,1,f,1,0,<BoolVar a>
BRDA:60,0,0,2
BRDA:60,0,1,0
BRDA:60,0,2,1
BRDA:60,0,3,1
MCDC:60,2,t,0,0,<BoolVar a>
MCDC:60,2,f,0,0,<BoolVar a>
MCDC:60,2,t,1,1,<BoolVar b>
MCDC:60,2,f,1,1,<BoolVar b>
BRDA:8,0,0,1
BRDA:8,0,1,0
MCDC:8,1,t,0,0,(<NonBoolVar (int)global_var> EQ <IntLiteral 2>)
MCDC:8,1,f,0,0,(<NonBoolVar (int)global_var> EQ <IntLiteral 2>)
BRDA:15,0,0,1
BRDA:15,0,1,2
MCDC:15,1,t,1,0,(<NonBoolVar (int)a> EQ <IntLiteral 1>)
MCDC:15,1,f,1,0,(<NonBoolVar (int)a> EQ <IntLiteral 1>)
BRDA:18,0,0,1
BRDA:18,0,1,1
MCDC:18,1,t,1,0,(<NonBoolVar (int)a> EQ <IntLiteral 2>)
MCDC:18,1,f,1,0,(<NonBoolVar (int)a> EQ <IntLiteral 2>)
BRDA:32,0,0,1
BRDA:32,0,1,0
BRDA:32,0,2,0
BRDA:32,0,3,0
MCDC:32,2,t,0,0,(<NonBoolVar (int)a> LT <IntLiteral 16>)
MCDC:32,2,f,0,0,(<NonBoolVar (int)a> LT <IntLiteral 16>)
MCDC:32,2,t,0,1,(<NonBoolVar (int)a> GT <IntLiteral 18>)
MCDC:32,2,f,0,1,(<NonBoolVar (int)a> GT <IntLiteral 18>)
BRDA:40,0,0,1
BRDA:40,0,1,2
BRDA:40,0,2,1
BRDA:40,0,3,0
MCDC:40,2,t,1,0,(<NonBoolVar (int)a> LT <IntLiteral 6>)
MCDC:40,2,f,1,0,(<NonBoolVar (int)a> LT <IntLiteral 6>)
MCDC:40,2,t,0,1,(<NonBoolVar (int)b> GT <IntLiteral 8>)
MCDC:40,2,f,0,1,(<NonBoolVar (int)b> GT <IntLiteral 8>)
BRDA:61,0,0,1
BRDA:61,0,1,0
BRDA:61,0,2,1
BRDA:61,0,3,0
BRDA:61,0,4,0
BRDA:61,0,5,1
MCDC:61,3,t,0,0,<BoolVar a>
MCDC:61,3,f,0,0,<BoolVar a>
MCDC:61,3,t,0,1,<BoolVar b>
MCDC:61,3,f,0,1,<BoolVar b>
MCDC:61,3,t,0,2,<BoolVar c>
MCDC:61,3,f,0,2,<BoolVar c>
BRDA:29,0,0,1
BRDA:29,0,1,3
BRDA:29,0,2,2
BRDA:29,0,3,1
MCDC:29,2,t,1,0,(<NonBoolVar (int)a> LT <IntLiteral 6>)
MCDC:29,2,f,1,0,(<NonBoolVar (int)a> LT <IntLiteral 6>)
MCDC:29,2,t,1,1,(<NonBoolVar (int)a> GT <IntLiteral 8>)
MCDC:29,2,f,1,1,(<NonBoolVar (int)a> GT <IntLiteral 8>)
BRDA:21,0,0,0
BRDA:21,0,1,1
MCDC:21,1,t,0,0,(<NonBoolVar (int)a> EQ <IntLiteral 3>)
MCDC:21,1,f,0,0,(<NonBoolVar (int)a> EQ <IntLiteral 3>)
BRDA:75,0,0,2
BRDA:75,0,1,1
BRDA:75,0,2,1
BRDA:75,0,3,1
BRDA:75,0,4,1
BRDA:75,0,5,1
BRDA:75,0,6,0
BRDA:75,0,7,1
MCDC:75,4,t,1,0,<BoolVar a>
MCDC:75,4,f,1,0,<BoolVar a>
MCDC:75,4,t,1,1,<BoolVar b>
MCDC:75,4,f,1,1,<BoolVar b>
MCDC:75,4,t,0,2,<BoolVar c>
MCDC:75,4,f,0,2,<BoolVar c>
MCDC:75,4,t,0,3,<BoolVar d>
MCDC:75,4,f,0,3,<BoolVar d>
BRDA:51,0,0,1
BRDA:51,0,1,0
BRDA:51,0,2,0
BRDA:51,0,3,0
MCDC:51,2,t,0,0,<BoolVar a>
MCDC:51,2,f,0,0,<BoolVar a>
MCDC:51,2,t,0,1,<BoolVar a>
MCDC:51,2,f,0,1,<BoolVar a>
BRDA:83,0,0,2
BRDA:83,0,1,1
BRDA:83,0,2,1
BRDA:83,0,3,1
BRDA:83,0,4,1
BRDA:83,0,5,1
BRDA:83,0,6,0
BRDA:83,0,7,1
MCDC:83,4,t,1,0,<BoolVar a>
MCDC:83,4,f,1,0,<BoolVar a>
MCDC:83,4,t,1,1,<BoolVar b>
MCDC:83,4,f,1,1,<BoolVar b>
MCDC:83,4,t,0,2,<BoolVar a>
MCDC:83,4,f,0,2,<BoolVar a>
MCDC:83,4,t,0,3,<BoolVar b>
MCDC:83,4,f,0,3,<BoolVar b>
BRDA:43,0,0,1
BRDA:43,0,1,1
BRDA:43,0,2,0
BRDA:43,0,3,1
MCDC:43,2,t,0,0,(<NonBoolVar (int)a> LT <IntLiteral 16>)
MCDC:43,2,f,0,0,(<NonBoolVar (int)a> LT <IntLiteral 16>)
MCDC:43,2,t,0,1,(<NonBoolVar (int)b> GT <IntLiteral 18>)
MCDC:43,2,f,0,1,(<NonBoolVar (int)b> GT <IntLiteral 18>)
DA:8,1
DA:15,1
DA:18,1
DA:21,1
DA:29,1
DA:32,1
DA:40,1
DA:43,1
DA:51,1
DA:59,1
DA:60,1
DA:61,1
DA:75,1
DA:83,1
DA:95,1
BRF:58
BRH:42
LF:15
LH:15
end_of_record
